{"/home/alin/alinSpinjitzu/courses/JS-general/7-Javascript-Testing-Basics-Jest-Swashbucling/jest-basics-2/jest-basics-2/basics/index.js": {"path":"/home/alin/alinSpinjitzu/courses/JS-general/7-Javascript-Testing-Basics-Jest-Swashbucling/jest-basics-2/jest-basics-2/basics/index.js","statementMap":{"0":{"start":{"line":1,"column":13},"end":{"line":6,"column":1}},"1":{"start":{"line":2,"column":2},"end":{"line":4,"column":3}},"2":{"start":{"line":3,"column":4},"end":{"line":3,"column":16}},"3":{"start":{"line":5,"column":2},"end":{"line":5,"column":20}},"4":{"start":{"line":8,"column":0},"end":{"line":8,"column":22}}},"fnMap":{"0":{"name":"(anonymous_0)","decl":{"start":{"line":1,"column":13},"end":{"line":1,"column":14}},"loc":{"start":{"line":1,"column":22},"end":{"line":6,"column":1}},"line":1}},"branchMap":{"0":{"loc":{"start":{"line":2,"column":2},"end":{"line":4,"column":3}},"type":"if","locations":[{"start":{"line":2,"column":2},"end":{"line":4,"column":3}},{"start":{},"end":{}}],"line":2}},"s":{"0":1,"1":2,"2":1,"3":1,"4":1},"f":{"0":2},"b":{"0":[1,1]},"_coverageSchema":"1a1c01bbd47fc00a2c39e90264f33305004495a9","hash":"2aa6a357e70a745fa62e4ff34c866a6d9875f1cc"}
}
